1605643799948	mozrunner::runner	INFO	Running command: "/usr/bin/firefox" "-marionette" "-headless" "-foreground" "-no-remote" "-profile" "/tmp/rust_mozprofileebQWzv"
*** You are running in headless mode.
console.error: SearchCache: "_readCacheFile: Error reading cache file:" (new Error("", "(unknown module)"))
1605643805223	Marionette	INFO	Listening on port 44555
1605643805273	Marionette	WARN	TLS certificate errors will be ignored for this session
JavaScript warning: https://pagead2.googlesyndication.com/bg/TBttBoAOV_9P70wCNe1Yb7YwaEpF9SEuHDe9V7wzOiY.js line 1 > eval line 173 > eval line 1 > eval, line 1: WebGL warning: <Create>: getContext: Disallowing antialiased backbuffers due to blacklisting. (FEATURE_FAILURE_GLXTEST_FAILED)
JavaScript warning: https://pagead2.googlesyndication.com/bg/TBttBoAOV_9P70wCNe1Yb7YwaEpF9SEuHDe9V7wzOiY.js line 1 > eval line 173 > eval line 1 > eval, line 1: WebGL warning: <Create>: Can't use WebGL in headless mode (https://bugzil.la/1375585).
JavaScript warning: https://pagead2.googlesyndication.com/bg/TBttBoAOV_9P70wCNe1Yb7YwaEpF9SEuHDe9V7wzOiY.js line 1 > eval line 173 > eval line 1 > eval, line 1: Failed to create WebGL context: WebGL creation failed: 
* Can't use WebGL in headless mode (https://bugzil.la/1375585).
JavaScript warning: https://pagead2.googlesyndication.com/bg/7ACX1ll8pxmp-W5IFnwplmFbwq_vDvpxp5bFF4q7ftk.js line 1 > eval line 3162 > eval, line 1: WebGL warning: <Create>: getContext: Disallowing antialiased backbuffers due to blacklisting. (FEATURE_FAILURE_GLXTEST_FAILED)
JavaScript warning: https://pagead2.googlesyndication.com/bg/7ACX1ll8pxmp-W5IFnwplmFbwq_vDvpxp5bFF4q7ftk.js line 1 > eval line 3162 > eval, line 1: WebGL warning: <Create>: Can't use WebGL in headless mode (https://bugzil.la/1375585).
JavaScript warning: https://pagead2.googlesyndication.com/bg/7ACX1ll8pxmp-W5IFnwplmFbwq_vDvpxp5bFF4q7ftk.js line 1 > eval line 3162 > eval, line 1: Failed to create WebGL context: WebGL creation failed: 
* Can't use WebGL in headless mode (https://bugzil.la/1375585).
JavaScript warning: https://pagead2.googlesyndication.com/bg/TBttBoAOV_9P70wCNe1Yb7YwaEpF9SEuHDe9V7wzOiY.js line 1 > eval line 5289 > eval line 1 > eval, line 1: WebGL warning: <Create>: getContext: Disallowing antialiased backbuffers due to blacklisting. (FEATURE_FAILURE_GLXTEST_FAILED)
JavaScript warning: https://pagead2.googlesyndication.com/bg/TBttBoAOV_9P70wCNe1Yb7YwaEpF9SEuHDe9V7wzOiY.js line 1 > eval line 5289 > eval line 1 > eval, line 1: WebGL warning: <Create>: Can't use WebGL in headless mode (https://bugzil.la/1375585).
JavaScript warning: https://pagead2.googlesyndication.com/bg/TBttBoAOV_9P70wCNe1Yb7YwaEpF9SEuHDe9V7wzOiY.js line 1 > eval line 5289 > eval line 1 > eval, line 1: Failed to create WebGL context: WebGL creation failed: 
* Can't use WebGL in headless mode (https://bugzil.la/1375585).
JavaScript warning: https://pagead2.googlesyndication.com/bg/TBttBoAOV_9P70wCNe1Yb7YwaEpF9SEuHDe9V7wzOiY.js line 1 > eval line 5209 > eval, line 1: WebGL warning: <Create>: getContext: Disallowing antialiased backbuffers due to blacklisting. (FEATURE_FAILURE_GLXTEST_FAILED)
JavaScript warning: https://pagead2.googlesyndication.com/bg/TBttBoAOV_9P70wCNe1Yb7YwaEpF9SEuHDe9V7wzOiY.js line 1 > eval line 5209 > eval, line 1: WebGL warning: <Create>: Can't use WebGL in headless mode (https://bugzil.la/1375585).
JavaScript warning: https://pagead2.googlesyndication.com/bg/TBttBoAOV_9P70wCNe1Yb7YwaEpF9SEuHDe9V7wzOiY.js line 1 > eval line 5209 > eval, line 1: Failed to create WebGL context: WebGL creation failed: 
* Can't use WebGL in headless mode (https://bugzil.la/1375585).
1605723168704	mozrunner::runner	INFO	Running command: "/usr/bin/firefox" "-marionette" "-headless" "-foreground" "-no-remote" "-profile" "/tmp/rust_mozprofile4G0p4c"
*** You are running in headless mode.
console.error: SearchCache: "_readCacheFile: Error reading cache file:" (new Error("", "(unknown module)"))
1605723172698	Marionette	INFO	Listening on port 35555
1605723172745	Marionette	WARN	TLS certificate errors will be ignored for this session
JavaScript warning: https://pagead2.googlesyndication.com/bg/TBttBoAOV_9P70wCNe1Yb7YwaEpF9SEuHDe9V7wzOiY.js line 1 > eval line 1712 > eval line 1 > eval, line 1: WebGL warning: <Create>: getContext: Disallowing antialiased backbuffers due to blacklisting. (FEATURE_FAILURE_GLXTEST_FAILED)
JavaScript warning: https://pagead2.googlesyndication.com/bg/TBttBoAOV_9P70wCNe1Yb7YwaEpF9SEuHDe9V7wzOiY.js line 1 > eval line 1712 > eval line 1 > eval, line 1: WebGL warning: <Create>: Can't use WebGL in headless mode (https://bugzil.la/1375585).
JavaScript warning: https://pagead2.googlesyndication.com/bg/TBttBoAOV_9P70wCNe1Yb7YwaEpF9SEuHDe9V7wzOiY.js line 1 > eval line 1712 > eval line 1 > eval, line 1: Failed to create WebGL context: WebGL creation failed: 
* Can't use WebGL in headless mode (https://bugzil.la/1375585).
JavaScript warning: https://pagead2.googlesyndication.com/bg/7ACX1ll8pxmp-W5IFnwplmFbwq_vDvpxp5bFF4q7ftk.js line 1 > eval line 4584 > eval line 1 > eval, line 1: WebGL warning: <Create>: getContext: Disallowing antialiased backbuffers due to blacklisting. (FEATURE_FAILURE_GLXTEST_FAILED)
JavaScript warning: https://pagead2.googlesyndication.com/bg/7ACX1ll8pxmp-W5IFnwplmFbwq_vDvpxp5bFF4q7ftk.js line 1 > eval line 4584 > eval line 1 > eval, line 1: WebGL warning: <Create>: Can't use WebGL in headless mode (https://bugzil.la/1375585).
JavaScript warning: https://pagead2.googlesyndication.com/bg/7ACX1ll8pxmp-W5IFnwplmFbwq_vDvpxp5bFF4q7ftk.js line 1 > eval line 4584 > eval line 1 > eval, line 1: Failed to create WebGL context: WebGL creation failed: 
* Can't use WebGL in headless mode (https://bugzil.la/1375585).
JavaScript warning: https://pagead2.googlesyndication.com/bg/7ACX1ll8pxmp-W5IFnwplmFbwq_vDvpxp5bFF4q7ftk.js line 1 > eval line 3823 > eval line 1 > eval, line 1: WebGL warning: <Create>: getContext: Disallowing antialiased backbuffers due to blacklisting. (FEATURE_FAILURE_GLXTEST_FAILED)
JavaScript warning: https://pagead2.googlesyndication.com/bg/7ACX1ll8pxmp-W5IFnwplmFbwq_vDvpxp5bFF4q7ftk.js line 1 > eval line 3823 > eval line 1 > eval, line 1: WebGL warning: <Create>: Can't use WebGL in headless mode (https://bugzil.la/1375585).
JavaScript warning: https://pagead2.googlesyndication.com/bg/7ACX1ll8pxmp-W5IFnwplmFbwq_vDvpxp5bFF4q7ftk.js line 1 > eval line 3823 > eval line 1 > eval, line 1: Failed to create WebGL context: WebGL creation failed: 
* Can't use WebGL in headless mode (https://bugzil.la/1375585).
JavaScript warning: https://pagead2.googlesyndication.com/bg/7ACX1ll8pxmp-W5IFnwplmFbwq_vDvpxp5bFF4q7ftk.js line 1 > eval line 2670 > eval line 1 > eval, line 1: WebGL warning: <Create>: getContext: Disallowing antialiased backbuffers due to blacklisting. (FEATURE_FAILURE_GLXTEST_FAILED)
JavaScript warning: https://pagead2.googlesyndication.com/bg/7ACX1ll8pxmp-W5IFnwplmFbwq_vDvpxp5bFF4q7ftk.js line 1 > eval line 2670 > eval line 1 > eval, line 1: WebGL warning: <Create>: Can't use WebGL in headless mode (https://bugzil.la/1375585).
JavaScript warning: https://pagead2.googlesyndication.com/bg/7ACX1ll8pxmp-W5IFnwplmFbwq_vDvpxp5bFF4q7ftk.js line 1 > eval line 2670 > eval line 1 > eval, line 1: Failed to create WebGL context: WebGL creation failed: 
* Can't use WebGL in headless mode (https://bugzil.la/1375585).
JavaScript warning: https://pagead2.googlesyndication.com/bg/7ACX1ll8pxmp-W5IFnwplmFbwq_vDvpxp5bFF4q7ftk.js line 1 > eval line 759 > eval line 1 > eval, line 1: WebGL warning: <Create>: getContext: Disallowing antialiased backbuffers due to blacklisting. (FEATURE_FAILURE_GLXTEST_FAILED)
JavaScript warning: https://pagead2.googlesyndication.com/bg/7ACX1ll8pxmp-W5IFnwplmFbwq_vDvpxp5bFF4q7ftk.js line 1 > eval line 759 > eval line 1 > eval, line 1: WebGL warning: <Create>: Can't use WebGL in headless mode (https://bugzil.la/1375585).
JavaScript warning: https://pagead2.googlesyndication.com/bg/7ACX1ll8pxmp-W5IFnwplmFbwq_vDvpxp5bFF4q7ftk.js line 1 > eval line 759 > eval line 1 > eval, line 1: Failed to create WebGL context: WebGL creation failed: 
* Can't use WebGL in headless mode (https://bugzil.la/1375585).
JavaScript warning: https://pagead2.googlesyndication.com/bg/TBttBoAOV_9P70wCNe1Yb7YwaEpF9SEuHDe9V7wzOiY.js line 1 > eval line 3131 > eval line 1 > eval, line 1: WebGL warning: <Create>: getContext: Disallowing antialiased backbuffers due to blacklisting. (FEATURE_FAILURE_GLXTEST_FAILED)
JavaScript warning: https://pagead2.googlesyndication.com/bg/TBttBoAOV_9P70wCNe1Yb7YwaEpF9SEuHDe9V7wzOiY.js line 1 > eval line 3131 > eval line 1 > eval, line 1: WebGL warning: <Create>: Can't use WebGL in headless mode (https://bugzil.la/1375585).
JavaScript warning: https://pagead2.googlesyndication.com/bg/TBttBoAOV_9P70wCNe1Yb7YwaEpF9SEuHDe9V7wzOiY.js line 1 > eval line 3131 > eval line 1 > eval, line 1: Failed to create WebGL context: WebGL creation failed: 
* Can't use WebGL in headless mode (https://bugzil.la/1375585).
JavaScript warning: https://pagead2.googlesyndication.com/bg/TBttBoAOV_9P70wCNe1Yb7YwaEpF9SEuHDe9V7wzOiY.js line 1 > eval line 2901 > eval, line 1: WebGL warning: <Create>: getContext: Disallowing antialiased backbuffers due to blacklisting. (FEATURE_FAILURE_GLXTEST_FAILED)
JavaScript warning: https://pagead2.googlesyndication.com/bg/TBttBoAOV_9P70wCNe1Yb7YwaEpF9SEuHDe9V7wzOiY.js line 1 > eval line 2901 > eval, line 1: WebGL warning: <Create>: Can't use WebGL in headless mode (https://bugzil.la/1375585).
JavaScript warning: https://pagead2.googlesyndication.com/bg/TBttBoAOV_9P70wCNe1Yb7YwaEpF9SEuHDe9V7wzOiY.js line 1 > eval line 2901 > eval, line 1: Failed to create WebGL context: WebGL creation failed: 
* Can't use WebGL in headless mode (https://bugzil.la/1375585).
